<?xml version="1.0" encoding="UTF-8"?>
<!-- Generated by org.testng.reporters.JUnitReportReporter -->
<testsuite hostname="DESKTOP-21HJTT3" failures="0" tests="1" name="practise.Runparameter" time="17.551" errors="0" timestamp="2022-10-11T14:09:44 IST" skipped="0">
  <testcase classname="practise.Runparameter" name="method" time="17.551"/>
  <system-out/>
</testsuite> <!-- practise.Runparameter -->
