<?xml version="1.0" encoding="UTF-8"?>
<!-- Generated by org.testng.reporters.JUnitReportReporter -->
<testsuite hostname="DESKTOP-21HJTT3" failures="0" tests="5" name="practise.Dataprovider_Test" time="0.024" errors="0" timestamp="2022-10-06T19:54:55 IST" skipped="0">
  <testcase classname="practise.Dataprovider_Test" name="bookTicket" time="0.002"/>
  <system-out/>
  <testcase classname="practise.Dataprovider_Test" name="bookTicket" time="0.003"/>
  <system-out/>
  <testcase classname="practise.Dataprovider_Test" name="bookTicket" time="0.014"/>
  <system-out/>
  <testcase classname="practise.Dataprovider_Test" name="bookTicket" time="0.003"/>
  <system-out/>
  <testcase classname="practise.Dataprovider_Test" name="bookTicket" time="0.002"/>
  <system-out/>
</testsuite> <!-- practise.Dataprovider_Test -->
