<?xml version="1.0" encoding="UTF-8"?>
<!-- Generated by org.testng.reporters.JUnitReportReporter -->
<testsuite hostname="DESKTOP-21HJTT3" failures="0" tests="3" name="practise.Testng" time="0.061" errors="0" timestamp="2022-10-04T11:39:24 IST" skipped="0">
  <testcase classname="practise.Testng" name="all2" time="0.005"/>
  <system-out/>
  <testcase classname="practise.Testng" name="all" time="0.050"/>
  <system-out/>
  <testcase classname="practise.Testng" name="all1" time="0.006"/>
  <system-out/>
</testsuite> <!-- practise.Testng -->
